build/app/intermediates/manifest_merge_blame_file/release/manifest-merger-blame-release-report.txt
1<?xml version="1.0" encoding="utf-8"?>
2<manifest xmlns:android="http://schemas.android.com/apk/res/android"
3    package="com.example.restaurant_app"
4    android:versionCode="1"
5    android:versionName="1.0.0" >
6
7    <uses-sdk
8        android:minSdkVersion="20"
8-->src/main/AndroidManifest.xml
9        android:targetSdkVersion="31" />
9-->src/main/AndroidManifest.xml
10
11    <uses-permission android:name="android.permission.INTERNET" />
11-->src/main/AndroidManifest.xml:3:5-66
11-->src/main/AndroidManifest.xml:3:22-64
12>
13    <uses-permission android:name="android.permission.RECEIVE_BOOT_COMPLETED" />
13-->src/main/AndroidManifest.xml:4:5-80
13-->src/main/AndroidManifest.xml:4:22-78
14    <uses-permission android:name="android.permission.VIBRATE" />
14-->src/main/AndroidManifest.xml:5:5-66
14-->src/main/AndroidManifest.xml:5:22-63
15    <uses-permission android:name="android.permission.WAKE_LOCK" />
15-->src/main/AndroidManifest.xml:6:5-67
15-->src/main/AndroidManifest.xml:6:22-65
16    <!-- For apps with targetSDK=31 (Android 12) -->
17    <uses-permission android:name="android.permission.SCHEDULE_EXACT_ALARM" />
17-->src/main/AndroidManifest.xml:8:5-79
17-->src/main/AndroidManifest.xml:8:22-76
18    <uses-permission android:name="android.permission.USE_FULL_SCREEN_INTENT" />
18-->[:flutter_local_notifications] AndroidManifest.xml:11:5-81
18-->[:flutter_local_notifications] AndroidManifest.xml:11:22-78
19    <uses-permission android:name="android.permission.POST_NOTIFICATIONS" />
19-->[:flutter_local_notifications] AndroidManifest.xml:13:5-77
19-->[:flutter_local_notifications] AndroidManifest.xml:13:22-74
20
21    <application
22        android:name="android.app.Application"
22-->src/main/AndroidManifest.xml:11:9-42
23        android:appComponentFactory="androidx.core.app.CoreComponentFactory"
23-->[androidx.core:core:1.6.0] AndroidManifest.xml:24:18-86
24        android:icon="@mipmap/ic_launcher"
24-->src/main/AndroidManifest.xml:12:9-43
25        android:label="restaurant_app" >
25-->src/main/AndroidManifest.xml:10:9-39
26        <activity
26-->src/main/AndroidManifest.xml:13:9-33:20
27            android:name="com.example.restaurant_app.MainActivity"
27-->src/main/AndroidManifest.xml:14:13-41
28            android:configChanges="orientation|keyboardHidden|keyboard|screenSize|smallestScreenSize|locale|layoutDirection|fontScale|screenLayout|density|uiMode"
28-->src/main/AndroidManifest.xml:18:13-163
29            android:exported="true"
29-->src/main/AndroidManifest.xml:15:13-36
30            android:hardwareAccelerated="true"
30-->src/main/AndroidManifest.xml:19:13-47
31            android:launchMode="singleTop"
31-->src/main/AndroidManifest.xml:16:13-43
32            android:theme="@style/LaunchTheme"
32-->src/main/AndroidManifest.xml:17:13-47
33            android:windowSoftInputMode="adjustResize" >
33-->src/main/AndroidManifest.xml:20:13-55
34
35            <!--
36                 Specifies an Android theme to apply to this Activity as soon as
37                 the Android process has started. This theme is visible to the user
38                 while the Flutter UI initializes. After that, this theme continues
39                 to determine the Window background behind the Flutter UI.
40            -->
41            <meta-data
41-->src/main/AndroidManifest.xml:25:13-28:17
42                android:name="io.flutter.embedding.android.NormalTheme"
42-->src/main/AndroidManifest.xml:26:15-70
43                android:resource="@style/NormalTheme" />
43-->src/main/AndroidManifest.xml:27:15-52
44
45            <intent-filter>
45-->src/main/AndroidManifest.xml:29:13-32:29
46                <action android:name="android.intent.action.MAIN" />
46-->src/main/AndroidManifest.xml:30:17-68
46-->src/main/AndroidManifest.xml:30:25-66
47
48                <category android:name="android.intent.category.LAUNCHER" />
48-->src/main/AndroidManifest.xml:31:17-76
48-->src/main/AndroidManifest.xml:31:27-74
49            </intent-filter>
50        </activity>
51
52        <service
52-->src/main/AndroidManifest.xml:34:9-37:39
53            android:name="dev.fluttercommunity.plus.androidalarmmanager.AlarmService"
53-->src/main/AndroidManifest.xml:35:13-86
54            android:exported="false"
54-->src/main/AndroidManifest.xml:37:13-37
55            android:permission="android.permission.BIND_JOB_SERVICE" />
55-->src/main/AndroidManifest.xml:36:13-69
56
57        <receiver
57-->src/main/AndroidManifest.xml:38:9-40:39
58            android:name="dev.fluttercommunity.plus.androidalarmmanager.AlarmBroadcastReceiver"
58-->src/main/AndroidManifest.xml:39:13-96
59            android:exported="false" />
59-->src/main/AndroidManifest.xml:40:13-37
60        <receiver
60-->src/main/AndroidManifest.xml:41:9-48:20
61            android:name="dev.fluttercommunity.plus.androidalarmmanager.RebootBroadcastReceiver"
61-->src/main/AndroidManifest.xml:42:13-97
62            android:enabled="false"
62-->src/main/AndroidManifest.xml:43:13-36
63            android:exported="false" >
63-->src/main/AndroidManifest.xml:44:13-37
64            <intent-filter>
64-->src/main/AndroidManifest.xml:45:13-47:29
65                <action android:name="android.intent.action.BOOT_COMPLETED" />
65-->src/main/AndroidManifest.xml:46:17-79
65-->src/main/AndroidManifest.xml:46:25-76
66            </intent-filter>
67        </receiver>
68        <!--
69             Don't delete the meta-data below.
70             This is used by the Flutter tool to generate GeneratedPluginRegistrant.java
71        -->
72        <meta-data
72-->src/main/AndroidManifest.xml:51:9-53:33
73            android:name="flutterEmbedding"
73-->src/main/AndroidManifest.xml:52:13-44
74            android:value="2" />
74-->src/main/AndroidManifest.xml:53:13-30
75
76        <receiver
76-->[:flutter_local_notifications] AndroidManifest.xml:16:9-18:40
77            android:name="com.dexterous.flutterlocalnotifications.ActionBroadcastReceiver"
77-->[:flutter_local_notifications] AndroidManifest.xml:17:13-91
78            android:exported="false" />
78-->[:flutter_local_notifications] AndroidManifest.xml:18:13-37
79        <receiver
79-->[:flutter_local_notifications] AndroidManifest.xml:19:9-21:40
80            android:name="com.dexterous.flutterlocalnotifications.ScheduledNotificationReceiver"
80-->[:flutter_local_notifications] AndroidManifest.xml:20:13-97
81            android:exported="false" />
81-->[:flutter_local_notifications] AndroidManifest.xml:21:13-37
82        <receiver
82-->[:flutter_local_notifications] AndroidManifest.xml:22:9-31:20
83            android:name="com.dexterous.flutterlocalnotifications.ScheduledNotificationBootReceiver"
83-->[:flutter_local_notifications] AndroidManifest.xml:23:13-101
84            android:exported="false" >
84-->[:flutter_local_notifications] AndroidManifest.xml:24:13-37
85            <intent-filter>
85-->[:flutter_local_notifications] AndroidManifest.xml:25:13-30:29
86                <action android:name="android.intent.action.BOOT_COMPLETED" />
86-->src/main/AndroidManifest.xml:46:17-79
86-->src/main/AndroidManifest.xml:46:25-76
87                <action android:name="android.intent.action.MY_PACKAGE_REPLACED" />
87-->[:flutter_local_notifications] AndroidManifest.xml:27:17-84
87-->[:flutter_local_notifications] AndroidManifest.xml:27:25-81
88                <action android:name="android.intent.action.QUICKBOOT_POWERON" />
88-->[:flutter_local_notifications] AndroidManifest.xml:28:17-82
88-->[:flutter_local_notifications] AndroidManifest.xml:28:25-79
89                <action android:name="com.htc.intent.action.QUICKBOOT_POWERON" />
89-->[:flutter_local_notifications] AndroidManifest.xml:29:17-82
89-->[:flutter_local_notifications] AndroidManifest.xml:29:25-79
90            </intent-filter>
91        </receiver>
92
93        <uses-library
93-->[androidx.window:window:1.0.0-beta04] AndroidManifest.xml:25:9-27:40
94            android:name="androidx.window.extensions"
94-->[androidx.window:window:1.0.0-beta04] AndroidManifest.xml:26:13-54
95            android:required="false" />
95-->[androidx.window:window:1.0.0-beta04] AndroidManifest.xml:27:13-37
96        <uses-library
96-->[androidx.window:window:1.0.0-beta04] AndroidManifest.xml:28:9-30:40
97            android:name="androidx.window.sidecar"
97-->[androidx.window:window:1.0.0-beta04] AndroidManifest.xml:29:13-51
98            android:required="false" />
98-->[androidx.window:window:1.0.0-beta04] AndroidManifest.xml:30:13-37
99    </application>
100
101</manifest>